Start testing: Sep 12 16:37 MST
----------------------------------------------------------
1/4 Testing: test_ns_entity
1/4 Test: test_ns_entity
Command: "/home/g/Repos/retr01/netlist_sim/build/test_ns_entity"
Directory: /home/g/Repos/retr01/netlist_sim/build
"test_ns_entity" start time: Sep 12 16:37 MST
Output:
----------------------------------------------------------
test_ns_entity: ok
<end of output>
Test time =   0.00 sec
----------------------------------------------------------
Test Passed.
"test_ns_entity" end time: Sep 12 16:37 MST
"test_ns_entity" time elapsed: 00:00:00
----------------------------------------------------------

2/4 Testing: test_ns_bus
2/4 Test: test_ns_bus
Command: "/home/g/Repos/retr01/netlist_sim/build/test_ns_bus"
Directory: /home/g/Repos/retr01/netlist_sim/build
"test_ns_bus" start time: Sep 12 16:37 MST
Output:
----------------------------------------------------------
test_ns_bus: ok
<end of output>
Test time =   0.00 sec
----------------------------------------------------------
Test Passed.
"test_ns_bus" end time: Sep 12 16:37 MST
"test_ns_bus" time elapsed: 00:00:00
----------------------------------------------------------

3/4 Testing: test_ns_chip_registry
3/4 Test: test_ns_chip_registry
Command: "/home/g/Repos/retr01/netlist_sim/build/test_ns_chip_registry"
Directory: /home/g/Repos/retr01/netlist_sim/build
"test_ns_chip_registry" start time: Sep 12 16:37 MST
Output:
----------------------------------------------------------
test_ns_chip_registry: ok
<end of output>
Test time =   0.00 sec
----------------------------------------------------------
Test Passed.
"test_ns_chip_registry" end time: Sep 12 16:37 MST
"test_ns_chip_registry" time elapsed: 00:00:00
----------------------------------------------------------

4/4 Testing: test_ns_health_outline
4/4 Test: test_ns_health_outline
Command: "/home/g/Repos/retr01/netlist_sim/build/test_ns_health_outline"
Directory: /home/g/Repos/retr01/netlist_sim/build
"test_ns_health_outline" start time: Sep 12 16:37 MST
Output:
----------------------------------------------------------
test_ns_health_outline: ok
<end of output>
Test time =   0.00 sec
----------------------------------------------------------
Test Passed.
"test_ns_health_outline" end time: Sep 12 16:37 MST
"test_ns_health_outline" time elapsed: 00:00:00
----------------------------------------------------------

End testing: Sep 12 16:37 MST
