Start testing: Aug 23 12:23 MST
----------------------------------------------------------
1/2 Testing: test_cart
1/2 Test: test_cart
Command: "/home/g/Repos/retr01/retr01_emu/build/test_cart" "/home/g/Repos/retr01/retr01_emu/../studio/project.retr01"
Directory: /home/g/Repos/retr01/retr01_emu/build
"test_cart" start time: Aug 23 12:23 MST
Output:
----------------------------------------------------------
ok cart 137700 B worlds=3 prg@$000048 world0 screens=12
<end of output>
Test time =   0.00 sec
----------------------------------------------------------
Test Passed.
"test_cart" end time: Aug 23 12:23 MST
"test_cart" time elapsed: 00:00:00
----------------------------------------------------------

2/2 Testing: test_boot
2/2 Test: test_boot
Command: "/home/g/Repos/retr01/retr01_emu/build/test_boot" "/home/g/Repos/retr01/retr01_emu/../studio/project.retr01"
Directory: /home/g/Repos/retr01/retr01_emu/build
"test_boot" start time: Aug 23 12:23 MST
Output:
----------------------------------------------------------
ok boot pc=$8012 world=2 fb_nonzero=184320
<end of output>
Test time =   0.00 sec
----------------------------------------------------------
Test Passed.
"test_boot" end time: Aug 23 12:23 MST
"test_boot" time elapsed: 00:00:00
----------------------------------------------------------

End testing: Aug 23 12:23 MST
