Start testing: Aug 22 19:02 MST
----------------------------------------------------------
1/2 Testing: core
1/2 Test: core
Command: "/home/g/Repos/retr01/studio/build/test_core"
Directory: /home/g/Repos/retr01/studio/build
"core" start time: Aug 22 19:02 MST
Output:
----------------------------------------------------------
all tests passed
<end of output>
Test time =   0.05 sec
----------------------------------------------------------
Test Passed.
"core" end time: Aug 22 19:02 MST
"core" time elapsed: 00:00:00
----------------------------------------------------------

2/2 Testing: e2e
2/2 Test: e2e
Command: "/home/g/Repos/retr01/studio/build/test_e2e"
Directory: /home/g/Repos/retr01/studio/build
"e2e" start time: Aug 22 19:02 MST
Output:
----------------------------------------------------------

* Suite studio_e2e:
...........
11 tests - 11 passed, 0 failed, 0 skipped (810668 ticks, 0.811 sec)

Total: 11 tests (876085 ticks, 0.876 sec), 42 assertions
Pass: 11, fail: 0, skip: 0.
<end of output>
Test time =   0.78 sec
----------------------------------------------------------
Test Passed.
"e2e" end time: Aug 22 19:02 MST
"e2e" time elapsed: 00:00:00
----------------------------------------------------------

End testing: Aug 22 19:02 MST
