Start testing: Aug 23 11:53 MST
----------------------------------------------------------
1/16 Testing: test_entity
1/16 Test: test_entity
Command: "/home/g/Repos/retr01/retr01_sim/build/test_entity"
Directory: /home/g/Repos/retr01/retr01_sim/build
"test_entity" start time: Aug 23 11:53 MST
Output:
----------------------------------------------------------
test_entity: ok
<end of output>
Test time =   0.00 sec
----------------------------------------------------------
Test Passed.
"test_entity" end time: Aug 23 11:53 MST
"test_entity" time elapsed: 00:00:00
----------------------------------------------------------

2/16 Testing: test_bus
2/16 Test: test_bus
Command: "/home/g/Repos/retr01/retr01_sim/build/test_bus"
Directory: /home/g/Repos/retr01/retr01_sim/build
"test_bus" start time: Aug 23 11:53 MST
Output:
----------------------------------------------------------
test_bus: ok
<end of output>
Test time =   0.00 sec
----------------------------------------------------------
Test Passed.
"test_bus" end time: Aug 23 11:53 MST
"test_bus" time elapsed: 00:00:00
----------------------------------------------------------

3/16 Testing: test_gamepad
3/16 Test: test_gamepad
Command: "/home/g/Repos/retr01/retr01_sim/build/test_gamepad"
Directory: /home/g/Repos/retr01/retr01_sim/build
"test_gamepad" start time: Aug 23 11:53 MST
Output:
----------------------------------------------------------
test_gamepad: ok
<end of output>
Test time =   0.00 sec
----------------------------------------------------------
Test Passed.
"test_gamepad" end time: Aug 23 11:53 MST
"test_gamepad" time elapsed: 00:00:00
----------------------------------------------------------

4/16 Testing: test_pwr5v
4/16 Test: test_pwr5v
Command: "/home/g/Repos/retr01/retr01_sim/build/test_pwr5v"
Directory: /home/g/Repos/retr01/retr01_sim/build
"test_pwr5v" start time: Aug 23 11:53 MST
Output:
----------------------------------------------------------
test_pwr5v: ok
<end of output>
Test time =   0.00 sec
----------------------------------------------------------
Test Passed.
"test_pwr5v" end time: Aug 23 11:53 MST
"test_pwr5v" time elapsed: 00:00:00
----------------------------------------------------------

5/16 Testing: test_osc8m
5/16 Test: test_osc8m
Command: "/home/g/Repos/retr01/retr01_sim/build/test_osc8m"
Directory: /home/g/Repos/retr01/retr01_sim/build
"test_osc8m" start time: Aug 23 11:53 MST
Output:
----------------------------------------------------------
test_osc8m: ok
<end of output>
Test time =   0.00 sec
----------------------------------------------------------
Test Passed.
"test_osc8m" end time: Aug 23 11:53 MST
"test_osc8m" time elapsed: 00:00:00
----------------------------------------------------------

6/16 Testing: test_sn74hc14
6/16 Test: test_sn74hc14
Command: "/home/g/Repos/retr01/retr01_sim/build/test_sn74hc14"
Directory: /home/g/Repos/retr01/retr01_sim/build
"test_sn74hc14" start time: Aug 23 11:53 MST
Output:
----------------------------------------------------------
test_sn74hc14: ok
<end of output>
Test time =   0.00 sec
----------------------------------------------------------
Test Passed.
"test_sn74hc14" end time: Aug 23 11:53 MST
"test_sn74hc14" time elapsed: 00:00:00
----------------------------------------------------------

7/16 Testing: test_sn74hc_glue
7/16 Test: test_sn74hc_glue
Command: "/home/g/Repos/retr01/retr01_sim/build/test_sn74hc_glue"
Directory: /home/g/Repos/retr01/retr01_sim/build
"test_sn74hc_glue" start time: Aug 23 11:53 MST
Output:
----------------------------------------------------------
test_sn74hc_glue: ok
<end of output>
Test time =   0.00 sec
----------------------------------------------------------
Test Passed.
"test_sn74hc_glue" end time: Aug 23 11:53 MST
"test_sn74hc_glue" time elapsed: 00:00:00
----------------------------------------------------------

8/16 Testing: test_sn74hc573
8/16 Test: test_sn74hc573
Command: "/home/g/Repos/retr01/retr01_sim/build/test_sn74hc573"
Directory: /home/g/Repos/retr01/retr01_sim/build
"test_sn74hc573" start time: Aug 23 11:53 MST
Output:
----------------------------------------------------------
test_sn74hc573: ok
<end of output>
Test time =   0.00 sec
----------------------------------------------------------
Test Passed.
"test_sn74hc573" end time: Aug 23 11:53 MST
"test_sn74hc573" time elapsed: 00:00:00
----------------------------------------------------------

9/16 Testing: test_sn74hc245
9/16 Test: test_sn74hc245
Command: "/home/g/Repos/retr01/retr01_sim/build/test_sn74hc245"
Directory: /home/g/Repos/retr01/retr01_sim/build
"test_sn74hc245" start time: Aug 23 11:53 MST
Output:
----------------------------------------------------------
test_sn74hc245: ok
<end of output>
Test time =   0.00 sec
----------------------------------------------------------
Test Passed.
"test_sn74hc245" end time: Aug 23 11:53 MST
"test_sn74hc245" time elapsed: 00:00:00
----------------------------------------------------------

10/16 Testing: test_sn74hc157
10/16 Test: test_sn74hc157
Command: "/home/g/Repos/retr01/retr01_sim/build/test_sn74hc157"
Directory: /home/g/Repos/retr01/retr01_sim/build
"test_sn74hc157" start time: Aug 23 11:53 MST
Output:
----------------------------------------------------------
test_sn74hc157: ok
<end of output>
Test time =   0.00 sec
----------------------------------------------------------
Test Passed.
"test_sn74hc157" end time: Aug 23 11:53 MST
"test_sn74hc157" time elapsed: 00:00:00
----------------------------------------------------------

11/16 Testing: test_as6c62256
11/16 Test: test_as6c62256
Command: "/home/g/Repos/retr01/retr01_sim/build/test_as6c62256"
Directory: /home/g/Repos/retr01/retr01_sim/build
"test_as6c62256" start time: Aug 23 11:53 MST
Output:
----------------------------------------------------------
test_as6c62256: ok
<end of output>
Test time =   0.00 sec
----------------------------------------------------------
Test Passed.
"test_as6c62256" end time: Aug 23 11:53 MST
"test_as6c62256" time elapsed: 00:00:00
----------------------------------------------------------

12/16 Testing: test_prg_rom
12/16 Test: test_prg_rom
Command: "/home/g/Repos/retr01/retr01_sim/build/test_prg_rom"
Directory: /home/g/Repos/retr01/retr01_sim/build
"test_prg_rom" start time: Aug 23 11:53 MST
Output:
----------------------------------------------------------
test_prg_rom: ok
<end of output>
Test time =   0.00 sec
----------------------------------------------------------
Test Passed.
"test_prg_rom" end time: Aug 23 11:53 MST
"test_prg_rom" time elapsed: 00:00:00
----------------------------------------------------------

13/16 Testing: test_sst39sf040
13/16 Test: test_sst39sf040
Command: "/home/g/Repos/retr01/retr01_sim/build/test_sst39sf040"
Directory: /home/g/Repos/retr01/retr01_sim/build
"test_sst39sf040" start time: Aug 23 11:53 MST
Output:
----------------------------------------------------------
test_sst39sf040: ok
<end of output>
Test time =   0.00 sec
----------------------------------------------------------
Test Passed.
"test_sst39sf040" end time: Aug 23 11:53 MST
"test_sst39sf040" time elapsed: 00:00:00
----------------------------------------------------------

14/16 Testing: test_w65c02s
14/16 Test: test_w65c02s
Command: "/home/g/Repos/retr01/retr01_sim/build/test_w65c02s"
Directory: /home/g/Repos/retr01/retr01_sim/build
"test_w65c02s" start time: Aug 23 11:53 MST
Output:
----------------------------------------------------------
test_w65c02s: ok
<end of output>
Test time =   0.00 sec
----------------------------------------------------------
Test Passed.
"test_w65c02s" end time: Aug 23 11:53 MST
"test_w65c02s" time elapsed: 00:00:00
----------------------------------------------------------

15/16 Testing: test_island_abcde
15/16 Test: test_island_abcde
Command: "/home/g/Repos/retr01/retr01_sim/build/test_island_abcde"
Directory: /home/g/Repos/retr01/retr01_sim/build
"test_island_abcde" start time: Aug 23 11:53 MST
Output:
----------------------------------------------------------
test_island_abcde: ok
<end of output>
Test time =   0.01 sec
----------------------------------------------------------
Test Passed.
"test_island_abcde" end time: Aug 23 11:53 MST
"test_island_abcde" time elapsed: 00:00:00
----------------------------------------------------------

16/16 Testing: test_pads
16/16 Test: test_pads
Command: "/home/g/Repos/retr01/retr01_sim/build/test_pads"
Directory: /home/g/Repos/retr01/retr01_sim/build
"test_pads" start time: Aug 23 11:53 MST
Output:
----------------------------------------------------------
test_pads: ok
<end of output>
Test time =   0.00 sec
----------------------------------------------------------
Test Passed.
"test_pads" end time: Aug 23 11:53 MST
"test_pads" time elapsed: 00:00:00
----------------------------------------------------------

End testing: Aug 23 11:53 MST
